Arguments: 
  /home/abhijeet/.nvm/versions/node/v8.11.4/bin/node /home/abhijeet/.nvm/versions/node/v8.11.4/bin/yarn install

PATH: 
  /home/abhijeet/.nvm/versions/node/v8.11.4/bin:/usr/local/sbin:/usr/local/bin:/usr/sbin:/usr/bin:/sbin:/bin:/usr/games:/usr/local/games:/snap/bin

Yarn version: 
  1.9.4

Node version: 
  8.11.4

Platform: 
  linux x64

Trace: 
  Error: getaddrinfo ENOTFOUND registry.yarnpkg.com registry.yarnpkg.com:443
      at errnoException (dns.js:50:10)
      at GetAddrInfoReqWrap.onlookup [as oncomplete] (dns.js:92:26)

npm manifest: 
  {
    "name": "DynamicFormServer",
    "version": "1.0.0",
    "description": "",
    "main": "index.js",
    "scripts": {
      "heroku-postbuild": "npm install -g concurrently && cd client/src && npm install --only=dev && npm install && npm run build",
      "start": "concurrently --kill-others \"cd client && npm start\" \"nodemon index.js\""
    },
    "keywords": [],
    "author": "",
    "license": "ISC",
    "devDependencies": {
      "babel-cli": "^6.10.1",
      "babel-preset-es2015": "^6.9.0",
      "nodemon": "^1.9.2"
    },
    "dependencies": {
      "bcrypt": "^0.8.7",
      "bcrypt-nodejs": "latest",
      "bluebird": "^3.4.1",
      "body-parser": "^1.15.2",
      "bookshelf": "^0.10.0",
      "express": "^4.14.0",
      "jsonwebtoken": "^7.1.7",
      "mongoose": "~4.2.4",
      "mongoose-title-case": "latest",
      "mongoose-validator": "latest",
      "morgan": "~1.5.0",
      "lodash": "^4.13.1",
      "pg": "^6.0.2",
      "shortid": "^2.2.6",
      "validator": "^5.4.0",
      "babel-cli": "^6.10.1",
      "babel-preset-es2015": "^6.9.0",
      "nodemon": "^1.9.2",
      "express-session": "latest",
      "concurrently": "latest"
    }
  }

yarn manifest: 
  No manifest

Lockfile: 
  No lockfile
